<?xml version="1.0" encoding="UTF-8"?>
<robot rpa="false" generated="20220209 21:25:36.555" schemaversion="2" generator="Robot 4.1.3 (Python 2.7.17 on win32)">
<suite source="C:\Users\YogithaNandish\Desktop\robotic_project\selenium_suite\medibuddy.robot" id="s1" name="Medibuddy">
<test id="s1-t1" name="TC1">
<kw name="Append To Environment Variable" library="OperatingSystem">
<arg>path</arg>
<arg>${EXECDIR}\\drivers</arg>
<doc>Appends given ``values`` to environment variable ``name``.</doc>
<msg timestamp="20220209 21:25:44.077" level="INFO">Environment variable 'path' set to value 'C:\Users\YogithaNandish\PycharmProjects\pythonProject\venv\Scripts;C:\Program Files\Common Files\Oracle\Java\javapath;C:\Python27\;C:\Python27\Scripts;C:\WINDOWS\system32;C:\WINDOWS;C:\WINDOWS\System32\Wbem;C:\WINDOWS\System32\WindowsPowerShell\v1.0\;C:\WINDOWS\System32\OpenSSH\;C:\Program Files (x86)\Flash Magic;C:\Program Files\nodejs\;C:\ProgramData\chocolatey\bin;C:\Program Files\Git\cmd;C:\Users\YogithaNandish\Scripts\;C:\Users\YogithaNandish\;C:\Users\YogithaNandish\AppData\Local\Microsoft\WindowsApps;C:\Users\YogithaNandish\AppData\Roaming\npm;;C:\Users\YogithaNandish\AppData\Local\JetBrains\PyCharm 2021.3.1\bin;;C:\Program Files\JetBrains\PyCharm Community Edition 2021.3.1\New folder\PyCharm Community Edition 2021.3.1\bin;;C:\Users\YogithaNandish\Desktop\robotic_project\drivers'.</msg>
<status status="PASS" endtime="20220209 21:25:44.077" starttime="20220209 21:25:44.062"/>
</kw>
<kw name="Open Browser" library="SeleniumLibrary">
<arg>url=https://www.medibuddy.in/</arg>
<arg>browser=chrome</arg>
<doc>Opens a new browser instance to the optional ``url``.</doc>
<msg timestamp="20220209 21:25:44.077" level="INFO">Opening browser 'chrome' to base url 'https://www.medibuddy.in/'.</msg>
<kw name="Capture Page Screenshot" library="SeleniumLibrary">
<doc>Takes a screenshot of the current page and embeds it into a log file.</doc>
<msg timestamp="20220209 21:25:44.262" level="INFO">Cannot capture screenshot because no browser is open.</msg>
<status status="PASS" endtime="20220209 21:25:44.262" starttime="20220209 21:25:44.262"/>
</kw>
<msg timestamp="20220209 21:25:44.525" level="FAIL">WebDriverException: Message: 'chromedriver' executable needs to be in PATH. Please see https://sites.google.com/a/chromium.org/chromedriver/home
</msg>
<status status="FAIL" endtime="20220209 21:25:44.525" starttime="20220209 21:25:44.077"/>
</kw>
<kw name="Maximize Browser Window" library="SeleniumLibrary">
<doc>Maximizes current browser window.</doc>
<status status="NOT RUN" endtime="20220209 21:25:44.541" starttime="20220209 21:25:44.541"/>
</kw>
<kw name="Set Selenium Implicit Wait" library="SeleniumLibrary">
<arg>5s</arg>
<doc>Sets the implicit wait value used by Selenium.</doc>
<status status="NOT RUN" endtime="20220209 21:25:44.541" starttime="20220209 21:25:44.541"/>
</kw>
<kw name="Click Element" library="SeleniumLibrary">
<arg>xpath=//a[text()='For Employer']</arg>
<doc>Click the element identified by ``locator``.</doc>
<status status="NOT RUN" endtime="20220209 21:25:44.541" starttime="20220209 21:25:44.541"/>
</kw>
<kw name="Switch Window" library="SeleniumLibrary">
<arg>MediBuddy LaunchPad</arg>
<doc>Switches to browser window matching ``locator``.</doc>
<status status="NOT RUN" endtime="20220209 21:25:44.541" starttime="20220209 21:25:44.541"/>
</kw>
<kw name="Click Element" library="SeleniumLibrary">
<arg>link=Sign up</arg>
<doc>Click the element identified by ``locator``.</doc>
<status status="NOT RUN" endtime="20220209 21:25:44.541" starttime="20220209 21:25:44.541"/>
</kw>
<kw name="Input Text" library="SeleniumLibrary">
<arg>id=name</arg>
<arg>admin</arg>
<doc>Types the given ``text`` into the text field identified by ``locator``.</doc>
<status status="NOT RUN" endtime="20220209 21:25:44.556" starttime="20220209 21:25:44.556"/>
</kw>
<kw name="Input Text" library="SeleniumLibrary">
<arg>id=email</arg>
<arg>admin@gmail.com</arg>
<doc>Types the given ``text`` into the text field identified by ``locator``.</doc>
<status status="NOT RUN" endtime="20220209 21:25:44.556" starttime="20220209 21:25:44.556"/>
</kw>
<kw name="Input Text" library="SeleniumLibrary">
<arg>id=companyName</arg>
<arg>cs@ltts.com</arg>
<doc>Types the given ``text`` into the text field identified by ``locator``.</doc>
<status status="NOT RUN" endtime="20220209 21:25:44.563" starttime="20220209 21:25:44.556"/>
</kw>
<kw name="Input Text" library="SeleniumLibrary">
<arg>id=mobileNumber</arg>
<arg>9876543210</arg>
<doc>Types the given ``text`` into the text field identified by ``locator``.</doc>
<status status="NOT RUN" endtime="20220209 21:25:44.563" starttime="20220209 21:25:44.563"/>
</kw>
<kw name="Click Element" library="SeleniumLibrary">
<arg>xpath=//input[@value='Next']</arg>
<doc>Click the element identified by ``locator``.</doc>
<status status="NOT RUN" endtime="20220209 21:25:44.563" starttime="20220209 21:25:44.563"/>
</kw>
<kw name="Close Window" library="SeleniumLibrary">
<doc>Closes currently opened and selected browser window/tab.</doc>
<status status="NOT RUN" endtime="20220209 21:25:44.563" starttime="20220209 21:25:44.563"/>
</kw>
<status status="FAIL" endtime="20220209 21:25:44.563" starttime="20220209 21:25:44.024">WebDriverException: Message: 'chromedriver' executable needs to be in PATH. Please see https://sites.google.com/a/chromium.org/chromedriver/home
</status>
</test>
<status status="FAIL" endtime="20220209 21:25:44.583" starttime="20220209 21:25:36.630"/>
</suite>
<statistics>
<total>
<stat fail="1" skip="0" pass="0">All Tests</stat>
</total>
<tag>
</tag>
<suite>
<stat fail="1" skip="0" id="s1" name="Medibuddy" pass="0">Medibuddy</stat>
</suite>
</statistics>
<errors>
</errors>
</robot>
